0 info it worked if it ends with ok
1 verbose cli [ '/root/.nvm/versions/node/v6.2.1/bin/node',
1 verbose cli   '/root/.nvm/versions/node/v6.2.1/bin/npm',
1 verbose cli   'run',
1 verbose cli   'startLocalDebug' ]
2 info using npm@3.9.3
3 info using node@v6.2.1
4 verbose stack Error: missing script: startLocalDebug
4 verbose stack     at run (/root/.nvm/versions/node/v6.2.1/lib/node_modules/npm/lib/run-script.js:150:19)
4 verbose stack     at /root/.nvm/versions/node/v6.2.1/lib/node_modules/npm/lib/run-script.js:60:5
4 verbose stack     at /root/.nvm/versions/node/v6.2.1/lib/node_modules/npm/node_modules/read-package-json/read-json.js:356:5
4 verbose stack     at checkBinReferences_ (/root/.nvm/versions/node/v6.2.1/lib/node_modules/npm/node_modules/read-package-json/read-json.js:320:45)
4 verbose stack     at final (/root/.nvm/versions/node/v6.2.1/lib/node_modules/npm/node_modules/read-package-json/read-json.js:354:3)
4 verbose stack     at then (/root/.nvm/versions/node/v6.2.1/lib/node_modules/npm/node_modules/read-package-json/read-json.js:124:5)
4 verbose stack     at /root/.nvm/versions/node/v6.2.1/lib/node_modules/npm/node_modules/read-package-json/read-json.js:243:12
4 verbose stack     at /root/.nvm/versions/node/v6.2.1/lib/node_modules/npm/node_modules/graceful-fs/graceful-fs.js:78:16
4 verbose stack     at tryToString (fs.js:449:3)
4 verbose stack     at FSReqWrap.readFileAfterClose [as oncomplete] (fs.js:436:12)
5 verbose cwd /vue-project
6 error Linux 4.9.41-moby
7 error argv "/root/.nvm/versions/node/v6.2.1/bin/node" "/root/.nvm/versions/node/v6.2.1/bin/npm" "run" "startLocalDebug"
8 error node v6.2.1
9 error npm  v3.9.3
10 error missing script: startLocalDebug
11 error If you need help, you may report this error at:
11 error     <https://github.com/npm/npm/issues>
12 verbose exit [ 1, true ]
